<?xml version="1.0" encoding="UTF-8"?>
<!-- Generated by org.testng.reporters.JUnitXMLReporter -->
<testsuite hostname="DESKTOP-IHMV0HJ" ignored="0" name="Test" tests="4" failures="0" timestamp="2022-08-04T21:04:47 IST" time="0.178" errors="0">
  <testcase name="test1" time="0.015" classname="testcases.TestCasesGroup"/>
  <testcase name="test2" time="0.002" classname="testcases.TestCasesGroup"/>
  <testcase name="test3" time="0.007" classname="testcases.TestCasesGroup"/>
  <testcase name="test4" time="0.004" classname="testcases.TestCasesGroup"/>
</testsuite> <!-- Test -->
